<?xml version="1.0" encoding="UTF-8"?>
<!-- Generated by org.testng.reporters.JUnitReportReporter -->
<testsuite hostname="LIN59016471" failures="0" tests="1" name="pojo.Serializetests" time="3.112" errors="0" timestamp="2021-11-14T15:51:07 IST" skipped="0">
  <testcase classname="pojo.Serializetests" name="test1" time="3.112"/>
  <system-out/>
</testsuite> <!-- pojo.Serializetests -->
