<?xml version="1.0" encoding="UTF-8"?>
<!-- Generated by org.testng.reporters.JUnitReportReporter -->
<testsuite hostname="LIN59016471" failures="0" tests="1" name="TestPost" time="3.112" errors="0" timestamp="2021-10-04T22:15:58 IST" skipped="0">
  <testcase classname="TestPost" name="test1Post" time="3.112"/>
  <system-out/>
</testsuite> <!-- TestPost -->
