<?xml version="1.0" encoding="UTF-8"?>
<!-- Generated by org.testng.reporters.JUnitReportReporter -->
<testsuite hostname="LIN59016471" failures="0" tests="1" name="RahulShetty.ALDAuthTest" time="8.198" errors="0" timestamp="2021-11-09T14:54:41 IST" skipped="0">
  <testcase classname="RahulShetty.ALDAuthTest" name="doLogin" time="8.198"/>
  <system-out/>
</testsuite> <!-- RahulShetty.ALDAuthTest -->
