<?xml version="1.0" encoding="UTF-8"?>
<!-- Generated by org.testng.reporters.JUnitReportReporter -->
<testsuite hostname="LIN59016471" failures="0" tests="1" name="TestGetRequest" time="4.089" errors="0" timestamp="2021-10-03T14:48:00 IST" skipped="0">
  <testcase classname="TestGetRequest" name="testget" time="4.089"/>
  <system-out/>
</testsuite> <!-- TestGetRequest -->
