<?xml version="1.0" encoding="UTF-8"?>
<!-- Generated by org.testng.reporters.JUnitReportReporter -->
<testsuite hostname="LIN59016471" failures="0" tests="1" name="RahulShetty.DynamicJson" time="2.531" errors="0" timestamp="2021-11-07T12:21:27 IST" skipped="0">
  <testcase classname="RahulShetty.DynamicJson" name="getSingleUsersDataFromFile" time="2.531"/>
  <system-out/>
</testsuite> <!-- RahulShetty.DynamicJson -->
