<?xml version="1.0" encoding="UTF-8"?>
<!-- Generated by org.testng.reporters.JUnitReportReporter -->
<testsuite hostname="LIN59016471" failures="0" tests="2" name="RahulShetty.TestAPI" time="5.964" errors="0" timestamp="2021-11-14T15:48:36 IST" skipped="0">
  <testcase classname="RahulShetty.TestAPI" name="getResponse" time="3.192"/>
  <system-out/>
  <testcase classname="RahulShetty.TestAPI" name="validResponseBody" time="2.772"/>
  <system-out/>
</testsuite> <!-- RahulShetty.TestAPI -->
