<?xml version="1.0" encoding="UTF-8"?>
<!-- Generated by org.testng.reporters.JUnitReportReporter -->
<testsuite hostname="LIN59016471" failures="0" tests="1" name="TestDelete" time="2.427" errors="0" timestamp="2021-10-04T22:42:58 IST" skipped="0">
  <testcase classname="TestDelete" name="deleteRequest" time="2.427"/>
  <system-out/>
</testsuite> <!-- TestDelete -->
