<?xml version="1.0" encoding="UTF-8"?>
<!-- Generated by org.testng.reporters.JUnitReportReporter -->
<testsuite hostname="LIN59016471" failures="0" tests="1" name="TestPatch" time="3.227" errors="0" timestamp="2021-10-04T22:20:43 IST" skipped="0">
  <testcase classname="TestPatch" name="test1Post" time="3.227"/>
  <system-out/>
</testsuite> <!-- TestPatch -->
