<?xml version="1.0" encoding="UTF-8"?>
<!-- Generated by org.testng.reporters.JUnitReportReporter -->
<testsuite hostname="LIN59016471" failures="0" tests="1" name="RahulShetty.GetPayloadFromFiles" time="2.535" errors="0" timestamp="2021-11-03T11:40:29 IST" skipped="0">
  <testcase classname="RahulShetty.GetPayloadFromFiles" name="getPayloadFromTheFile" time="2.535"/>
  <system-out/>
</testsuite> <!-- RahulShetty.GetPayloadFromFiles -->
