<?xml version="1.0" encoding="UTF-8"?>
<!-- Generated by org.testng.reporters.JUnitReportReporter -->
<testsuite hostname="LIN59016471" failures="0" tests="1" name="RahulShetty.GetTestDataFromOtherAPI" time="8.039" errors="0" timestamp="2021-11-03T22:34:48 IST" skipped="0">
  <testcase classname="RahulShetty.GetTestDataFromOtherAPI" name="getPayloadFromTheFile" time="8.039"/>
  <system-out/>
</testsuite> <!-- RahulShetty.GetTestDataFromOtherAPI -->
