<?xml version="1.0" encoding="UTF-8"?>
<!-- Generated by org.testng.reporters.JUnitReportReporter -->
<testsuite hostname="LIN59016471" failures="0" tests="2" name="DataDrivenExamples.DataDrivenTests" time="3.950" errors="0" timestamp="2021-10-05T22:28:31 IST" skipped="0">
  <testcase classname="DataDrivenExamples.DataDrivenTests" name="test1Post" time="3.466"/>
  <system-out/>
  <testcase classname="DataDrivenExamples.DataDrivenTests" name="test1Post" time="0.484"/>
  <system-out/>
</testsuite> <!-- DataDrivenExamples.DataDrivenTests -->
