<?xml version="1.0" encoding="UTF-8"?>
<!-- Generated by org.testng.reporters.JUnitReportReporter -->
<testsuite hostname="LIN59016471" failures="0" tests="2" name="TestGet" time="4.675" errors="0" timestamp="2021-10-04T22:17:11 IST" skipped="0">
  <testcase classname="TestGet" name="test_02" time="4.554"/>
  <system-out/>
  <testcase classname="TestGet" name="test_O1" time="0.121"/>
  <system-out/>
</testsuite> <!-- TestGet -->
